{"E:\\c drice data\\Documents\\(3018) Back-end Development\\Milestone-1\\library_management_api_3018\\src\\api\\v1\\config\\firebaseConfig.ts": {"path":"E:\\c drice data\\Documents\\(3018) Back-end Development\\Milestone-1\\library_management_api_3018\\src\\api\\v1\\config\\firebaseConfig.ts","statementMap":{"0":{"start":{"line":1,"column":0},"end":{"line":1,"column":73}},"1":{"start":{"line":2,"column":0},"end":{"line":2,"column":56}},"2":{"start":{"line":3,"column":0},"end":{"line":3,"column":114}},"3":{"start":{"line":5,"column":0},"end":{"line":7,"column":3}},"4":{"start":{"line":9,"column":11},"end":{"line":9,"column":25}},"5":{"start":{"line":11,"column":9},"end":{"line":11,"column":11}}},"fnMap":{},"branchMap":{},"s":{"0":2,"1":2,"2":2,"3":2,"4":2,"5":2},"f":{},"b":{}}
,"E:\\c drice data\\Documents\\(3018) Back-end Development\\Milestone-1\\library_management_api_3018\\src\\api\\v1\\repositories\\authors.repository.ts": {"path":"E:\\c drice data\\Documents\\(3018) Back-end Development\\Milestone-1\\library_management_api_3018\\src\\api\\v1\\repositories\\authors.repository.ts","statementMap":{"0":{"start":{"line":1,"column":0},"end":{"line":1,"column":46}},"1":{"start":{"line":3,"column":19},"end":{"line":3,"column":28}},"2":{"start":{"line":5,"column":23},"end":{"line":11,"column":1}},"3":{"start":{"line":6,"column":19},"end":{"line":6,"column":56}},"4":{"start":{"line":7,"column":2},"end":{"line":10,"column":6}},"5":{"start":{"line":7,"column":35},"end":{"line":10,"column":4}},"6":{"start":{"line":5,"column":13},"end":{"line":5,"column":23}},"7":{"start":{"line":13,"column":24},"end":{"line":18,"column":1}},"8":{"start":{"line":14,"column":14},"end":{"line":14,"column":59}},"9":{"start":{"line":15,"column":2},"end":{"line":15,"column":31}},"10":{"start":{"line":15,"column":19},"end":{"line":15,"column":31}},"11":{"start":{"line":17,"column":2},"end":{"line":17,"column":39}},"12":{"start":{"line":13,"column":13},"end":{"line":13,"column":24}},"13":{"start":{"line":20,"column":22},"end":{"line":28,"column":1}},"14":{"start":{"line":21,"column":14},"end":{"line":24,"column":4}},"15":{"start":{"line":26,"column":14},"end":{"line":26,"column":29}},"16":{"start":{"line":27,"column":2},"end":{"line":27,"column":39}},"17":{"start":{"line":20,"column":13},"end":{"line":20,"column":22}},"18":{"start":{"line":30,"column":22},"end":{"line":43,"column":1}},"19":{"start":{"line":31,"column":14},"end":{"line":31,"column":47}},"20":{"start":{"line":32,"column":14},"end":{"line":32,"column":29}},"21":{"start":{"line":34,"column":2},"end":{"line":34,"column":31}},"22":{"start":{"line":34,"column":19},"end":{"line":34,"column":31}},"23":{"start":{"line":36,"column":2},"end":{"line":39,"column":5}},"24":{"start":{"line":41,"column":18},"end":{"line":41,"column":33}},"25":{"start":{"line":42,"column":2},"end":{"line":42,"column":47}},"26":{"start":{"line":30,"column":13},"end":{"line":30,"column":22}},"27":{"start":{"line":45,"column":22},"end":{"line":53,"column":1}},"28":{"start":{"line":46,"column":14},"end":{"line":46,"column":47}},"29":{"start":{"line":47,"column":14},"end":{"line":47,"column":29}},"30":{"start":{"line":49,"column":2},"end":{"line":49,"column":32}},"31":{"start":{"line":49,"column":19},"end":{"line":49,"column":32}},"32":{"start":{"line":51,"column":2},"end":{"line":51,"column":21}},"33":{"start":{"line":52,"column":2},"end":{"line":52,"column":14}},"34":{"start":{"line":45,"column":13},"end":{"line":45,"column":22}}},"fnMap":{"0":{"name":"(anonymous_0)","decl":{"start":{"line":5,"column":23},"end":{"line":5,"column":28}},"loc":{"start":{"line":5,"column":34},"end":{"line":11,"column":1}}},"1":{"name":"(anonymous_1)","decl":{"start":{"line":7,"column":27},"end":{"line":7,"column":30}},"loc":{"start":{"line":7,"column":35},"end":{"line":10,"column":4}}},"2":{"name":"(anonymous_2)","decl":{"start":{"line":13,"column":24},"end":{"line":13,"column":29}},"loc":{"start":{"line":13,"column":45},"end":{"line":18,"column":1}}},"3":{"name":"(anonymous_3)","decl":{"start":{"line":20,"column":22},"end":{"line":20,"column":27}},"loc":{"start":{"line":20,"column":42},"end":{"line":28,"column":1}}},"4":{"name":"(anonymous_4)","decl":{"start":{"line":30,"column":22},"end":{"line":30,"column":27}},"loc":{"start":{"line":30,"column":54},"end":{"line":43,"column":1}}},"5":{"name":"(anonymous_5)","decl":{"start":{"line":45,"column":22},"end":{"line":45,"column":27}},"loc":{"start":{"line":45,"column":43},"end":{"line":53,"column":1}}}},"branchMap":{"0":{"loc":{"start":{"line":15,"column":2},"end":{"line":15,"column":31}},"type":"if","locations":[{"start":{"line":15,"column":2},"end":{"line":15,"column":31}},{"start":{},"end":{}}]},"1":{"loc":{"start":{"line":34,"column":2},"end":{"line":34,"column":31}},"type":"if","locations":[{"start":{"line":34,"column":2},"end":{"line":34,"column":31}},{"start":{},"end":{}}]},"2":{"loc":{"start":{"line":49,"column":2},"end":{"line":49,"column":32}},"type":"if","locations":[{"start":{"line":49,"column":2},"end":{"line":49,"column":32}},{"start":{},"end":{}}]}},"s":{"0":1,"1":1,"2":1,"3":0,"4":0,"5":0,"6":1,"7":1,"8":0,"9":0,"10":0,"11":0,"12":1,"13":1,"14":0,"15":0,"16":0,"17":1,"18":1,"19":0,"20":0,"21":0,"22":0,"23":0,"24":0,"25":0,"26":1,"27":1,"28":0,"29":0,"30":0,"31":0,"32":0,"33":0,"34":1},"f":{"0":0,"1":0,"2":0,"3":0,"4":0,"5":0},"b":{"0":[0,0],"1":[0,0],"2":[0,0]}}
,"E:\\c drice data\\Documents\\(3018) Back-end Development\\Milestone-1\\library_management_api_3018\\src\\api\\v1\\repositories\\borrow.repository.ts": {"path":"E:\\c drice data\\Documents\\(3018) Back-end Development\\Milestone-1\\library_management_api_3018\\src\\api\\v1\\repositories\\borrow.repository.ts","statementMap":{"0":{"start":{"line":1,"column":0},"end":{"line":1,"column":46}},"1":{"start":{"line":3,"column":19},"end":{"line":3,"column":30}},"2":{"start":{"line":15,"column":21},"end":{"line":15,"column":58}},"3":{"start":{"line":16,"column":4},"end":{"line":16,"column":85}},"4":{"start":{"line":16,"column":37},"end":{"line":16,"column":83}},"5":{"start":{"line":20,"column":16},"end":{"line":20,"column":61}},"6":{"start":{"line":21,"column":4},"end":{"line":21,"column":33}},"7":{"start":{"line":21,"column":21},"end":{"line":21,"column":33}},"8":{"start":{"line":22,"column":4},"end":{"line":22,"column":57}},"9":{"start":{"line":26,"column":16},"end":{"line":26,"column":101}},"10":{"start":{"line":27,"column":4},"end":{"line":27,"column":72}},"11":{"start":{"line":31,"column":16},"end":{"line":31,"column":49}},"12":{"start":{"line":32,"column":16},"end":{"line":32,"column":31}},"13":{"start":{"line":33,"column":4},"end":{"line":33,"column":34}},"14":{"start":{"line":33,"column":21},"end":{"line":33,"column":34}},"15":{"start":{"line":35,"column":4},"end":{"line":35,"column":63}},"16":{"start":{"line":36,"column":4},"end":{"line":36,"column":16}},"17":{"start":{"line":40,"column":16},"end":{"line":40,"column":49}},"18":{"start":{"line":41,"column":16},"end":{"line":41,"column":31}},"19":{"start":{"line":42,"column":4},"end":{"line":42,"column":33}},"20":{"start":{"line":42,"column":21},"end":{"line":42,"column":33}},"21":{"start":{"line":44,"column":4},"end":{"line":44,"column":71}},"22":{"start":{"line":45,"column":20},"end":{"line":45,"column":35}},"23":{"start":{"line":46,"column":4},"end":{"line":46,"column":65}},"24":{"start":{"line":50,"column":16},"end":{"line":50,"column":49}},"25":{"start":{"line":51,"column":16},"end":{"line":51,"column":31}},"26":{"start":{"line":52,"column":4},"end":{"line":52,"column":34}},"27":{"start":{"line":52,"column":21},"end":{"line":52,"column":34}},"28":{"start":{"line":54,"column":4},"end":{"line":54,"column":23}},"29":{"start":{"line":55,"column":4},"end":{"line":55,"column":16}},"30":{"start":{"line":13,"column":0},"end":{"line":13,"column":13}}},"fnMap":{"0":{"name":"(anonymous_0)","decl":{"start":{"line":14,"column":2},"end":{"line":14,"column":7}},"loc":{"start":{"line":14,"column":15},"end":{"line":17,"column":3}}},"1":{"name":"(anonymous_1)","decl":{"start":{"line":16,"column":29},"end":{"line":16,"column":32}},"loc":{"start":{"line":16,"column":37},"end":{"line":16,"column":83}}},"2":{"name":"(anonymous_2)","decl":{"start":{"line":19,"column":2},"end":{"line":19,"column":7}},"loc":{"start":{"line":19,"column":27},"end":{"line":23,"column":3}}},"3":{"name":"(anonymous_3)","decl":{"start":{"line":25,"column":2},"end":{"line":25,"column":7}},"loc":{"start":{"line":25,"column":59},"end":{"line":28,"column":3}}},"4":{"name":"(anonymous_4)","decl":{"start":{"line":30,"column":2},"end":{"line":30,"column":7}},"loc":{"start":{"line":30,"column":29},"end":{"line":37,"column":3}}},"5":{"name":"(anonymous_5)","decl":{"start":{"line":39,"column":2},"end":{"line":39,"column":7}},"loc":{"start":{"line":39,"column":76},"end":{"line":47,"column":3}}},"6":{"name":"(anonymous_6)","decl":{"start":{"line":49,"column":2},"end":{"line":49,"column":7}},"loc":{"start":{"line":49,"column":25},"end":{"line":56,"column":3}}}},"branchMap":{"0":{"loc":{"start":{"line":21,"column":4},"end":{"line":21,"column":33}},"type":"if","locations":[{"start":{"line":21,"column":4},"end":{"line":21,"column":33}},{"start":{},"end":{}}]},"1":{"loc":{"start":{"line":33,"column":4},"end":{"line":33,"column":34}},"type":"if","locations":[{"start":{"line":33,"column":4},"end":{"line":33,"column":34}},{"start":{},"end":{}}]},"2":{"loc":{"start":{"line":42,"column":4},"end":{"line":42,"column":33}},"type":"if","locations":[{"start":{"line":42,"column":4},"end":{"line":42,"column":33}},{"start":{},"end":{}}]},"3":{"loc":{"start":{"line":52,"column":4},"end":{"line":52,"column":34}},"type":"if","locations":[{"start":{"line":52,"column":4},"end":{"line":52,"column":34}},{"start":{},"end":{}}]}},"s":{"0":1,"1":1,"2":0,"3":0,"4":0,"5":0,"6":0,"7":0,"8":0,"9":0,"10":0,"11":0,"12":0,"13":0,"14":0,"15":0,"16":0,"17":0,"18":0,"19":0,"20":0,"21":0,"22":0,"23":0,"24":0,"25":0,"26":0,"27":0,"28":0,"29":0,"30":1},"f":{"0":0,"1":0,"2":0,"3":0,"4":0,"5":0,"6":0},"b":{"0":[0,0],"1":[0,0],"2":[0,0],"3":[0,0]}}
,"E:\\c drice data\\Documents\\(3018) Back-end Development\\Milestone-1\\library_management_api_3018\\src\\api\\v1\\services\\authors.service.ts": {"path":"E:\\c drice data\\Documents\\(3018) Back-end Development\\Milestone-1\\library_management_api_3018\\src\\api\\v1\\services\\authors.service.ts","statementMap":{"0":{"start":{"line":1,"column":0},"end":{"line":1,"column":66}},"1":{"start":{"line":3,"column":22},"end":{"line":3,"column":49}},"2":{"start":{"line":3,"column":28},"end":{"line":3,"column":49}},"3":{"start":{"line":3,"column":13},"end":{"line":3,"column":22}},"4":{"start":{"line":5,"column":23},"end":{"line":5,"column":63}},"5":{"start":{"line":5,"column":39},"end":{"line":5,"column":63}},"6":{"start":{"line":5,"column":13},"end":{"line":5,"column":23}},"7":{"start":{"line":7,"column":22},"end":{"line":7,"column":61}},"8":{"start":{"line":7,"column":37},"end":{"line":7,"column":61}},"9":{"start":{"line":7,"column":13},"end":{"line":7,"column":22}},"10":{"start":{"line":9,"column":22},"end":{"line":10,"column":30}},"11":{"start":{"line":10,"column":2},"end":{"line":10,"column":30}},"12":{"start":{"line":9,"column":13},"end":{"line":9,"column":22}},"13":{"start":{"line":12,"column":22},"end":{"line":12,"column":60}},"14":{"start":{"line":12,"column":38},"end":{"line":12,"column":60}},"15":{"start":{"line":12,"column":13},"end":{"line":12,"column":22}}},"fnMap":{"0":{"name":"(anonymous_9)","decl":{"start":{"line":3,"column":22},"end":{"line":3,"column":25}},"loc":{"start":{"line":3,"column":28},"end":{"line":3,"column":49}}},"1":{"name":"(anonymous_10)","decl":{"start":{"line":5,"column":23},"end":{"line":5,"column":24}},"loc":{"start":{"line":5,"column":39},"end":{"line":5,"column":63}}},"2":{"name":"(anonymous_11)","decl":{"start":{"line":7,"column":22},"end":{"line":7,"column":23}},"loc":{"start":{"line":7,"column":37},"end":{"line":7,"column":61}}},"3":{"name":"(anonymous_12)","decl":{"start":{"line":9,"column":22},"end":{"line":9,"column":23}},"loc":{"start":{"line":10,"column":2},"end":{"line":10,"column":30}}},"4":{"name":"(anonymous_13)","decl":{"start":{"line":12,"column":22},"end":{"line":12,"column":23}},"loc":{"start":{"line":12,"column":38},"end":{"line":12,"column":60}}}},"branchMap":{},"s":{"0":1,"1":1,"2":1,"3":1,"4":1,"5":2,"6":1,"7":1,"8":1,"9":1,"10":1,"11":1,"12":1,"13":1,"14":2,"15":1},"f":{"0":1,"1":2,"2":1,"3":1,"4":2},"b":{}}
,"E:\\c drice data\\Documents\\(3018) Back-end Development\\Milestone-1\\library_management_api_3018\\src\\api\\v1\\services\\books.service.ts": {"path":"E:\\c drice data\\Documents\\(3018) Back-end Development\\Milestone-1\\library_management_api_3018\\src\\api\\v1\\services\\books.service.ts","statementMap":{"0":{"start":{"line":1,"column":0},"end":{"line":1,"column":62}},"1":{"start":{"line":2,"column":0},"end":{"line":2,"column":66}},"2":{"start":{"line":4,"column":22},"end":{"line":6,"column":1}},"3":{"start":{"line":5,"column":2},"end":{"line":5,"column":29}},"4":{"start":{"line":4,"column":13},"end":{"line":4,"column":22}},"5":{"start":{"line":8,"column":23},"end":{"line":10,"column":1}},"6":{"start":{"line":9,"column":2},"end":{"line":9,"column":32}},"7":{"start":{"line":8,"column":13},"end":{"line":8,"column":23}},"8":{"start":{"line":12,"column":22},"end":{"line":21,"column":1}},"9":{"start":{"line":13,"column":2},"end":{"line":18,"column":3}},"10":{"start":{"line":14,"column":19},"end":{"line":14,"column":60}},"11":{"start":{"line":15,"column":4},"end":{"line":17,"column":5}},"12":{"start":{"line":16,"column":6},"end":{"line":16,"column":42}},"13":{"start":{"line":20,"column":2},"end":{"line":20,"column":32}},"14":{"start":{"line":12,"column":13},"end":{"line":12,"column":22}},"15":{"start":{"line":23,"column":22},"end":{"line":25,"column":1}},"16":{"start":{"line":24,"column":2},"end":{"line":24,"column":36}},"17":{"start":{"line":23,"column":13},"end":{"line":23,"column":22}},"18":{"start":{"line":27,"column":22},"end":{"line":29,"column":1}},"19":{"start":{"line":28,"column":2},"end":{"line":28,"column":30}},"20":{"start":{"line":27,"column":13},"end":{"line":27,"column":22}}},"fnMap":{"0":{"name":"(anonymous_9)","decl":{"start":{"line":4,"column":22},"end":{"line":4,"column":27}},"loc":{"start":{"line":4,"column":33},"end":{"line":6,"column":1}}},"1":{"name":"(anonymous_10)","decl":{"start":{"line":8,"column":23},"end":{"line":8,"column":28}},"loc":{"start":{"line":8,"column":44},"end":{"line":10,"column":1}}},"2":{"name":"(anonymous_11)","decl":{"start":{"line":12,"column":22},"end":{"line":12,"column":27}},"loc":{"start":{"line":12,"column":42},"end":{"line":21,"column":1}}},"3":{"name":"(anonymous_12)","decl":{"start":{"line":23,"column":22},"end":{"line":23,"column":27}},"loc":{"start":{"line":23,"column":54},"end":{"line":25,"column":1}}},"4":{"name":"(anonymous_13)","decl":{"start":{"line":27,"column":22},"end":{"line":27,"column":27}},"loc":{"start":{"line":27,"column":43},"end":{"line":29,"column":1}}}},"branchMap":{"0":{"loc":{"start":{"line":13,"column":2},"end":{"line":18,"column":3}},"type":"if","locations":[{"start":{"line":13,"column":2},"end":{"line":18,"column":3}},{"start":{},"end":{}}]},"1":{"loc":{"start":{"line":15,"column":4},"end":{"line":17,"column":5}},"type":"if","locations":[{"start":{"line":15,"column":4},"end":{"line":17,"column":5}},{"start":{},"end":{}}]}},"s":{"0":1,"1":1,"2":1,"3":0,"4":1,"5":1,"6":1,"7":1,"8":1,"9":2,"10":2,"11":2,"12":1,"13":1,"14":1,"15":1,"16":0,"17":1,"18":1,"19":0,"20":1},"f":{"0":0,"1":1,"2":2,"3":0,"4":0},"b":{"0":[2,0],"1":[1,1]}}
}
